{"C:\\Users\\sshaikh\\Desktop\\code\\poc\\jest\\userCard.js": {"path":"C:\\Users\\sshaikh\\Desktop\\code\\poc\\jest\\userCard.js","statementMap":{"0":{"start":{"line":1,"column":0},"end":{"line":47,"column":5}},"1":{"start":{"line":6,"column":12},"end":{"line":6,"column":20}},"2":{"start":{"line":8,"column":12},"end":{"line":8,"column":48}},"3":{"start":{"line":10,"column":12},"end":{"line":21,"column":12}},"4":{"start":{"line":22,"column":12},"end":{"line":22,"column":46}},"5":{"start":{"line":23,"column":12},"end":{"line":23,"column":86}},"6":{"start":{"line":24,"column":12},"end":{"line":24,"column":83}},"7":{"start":{"line":25,"column":12},"end":{"line":25,"column":71}},"8":{"start":{"line":27,"column":12},"end":{"line":27,"column":81}},"9":{"start":{"line":29,"column":12},"end":{"line":31,"column":14}},"10":{"start":{"line":30,"column":16},"end":{"line":30,"column":55}},"11":{"start":{"line":33,"column":12},"end":{"line":35,"column":14}},"12":{"start":{"line":34,"column":16},"end":{"line":34,"column":86}},"13":{"start":{"line":37,"column":12},"end":{"line":40,"column":13}},"14":{"start":{"line":39,"column":16},"end":{"line":39,"column":49}},"15":{"start":{"line":45,"column":4},"end":{"line":45,"column":56}},"16":{"start":{"line":46,"column":4},"end":{"line":46,"column":29}}},"fnMap":{"0":{"name":"(anonymous_0)","decl":{"start":{"line":1,"column":1},"end":{"line":1,"column":2}},"loc":{"start":{"line":1,"column":7},"end":{"line":47,"column":1}},"line":1},"1":{"name":"(anonymous_1)","decl":{"start":{"line":5,"column":8},"end":{"line":5,"column":9}},"loc":{"start":{"line":5,"column":22},"end":{"line":42,"column":9}},"line":5},"2":{"name":"(anonymous_2)","decl":{"start":{"line":29,"column":33},"end":{"line":29,"column":34}},"loc":{"start":{"line":29,"column":39},"end":{"line":31,"column":13}},"line":29},"3":{"name":"(anonymous_3)","decl":{"start":{"line":33,"column":31},"end":{"line":33,"column":32}},"loc":{"start":{"line":33,"column":37},"end":{"line":35,"column":13}},"line":33},"4":{"name":"(anonymous_4)","decl":{"start":{"line":37,"column":27},"end":{"line":37,"column":28}},"loc":{"start":{"line":37,"column":33},"end":{"line":40,"column":13}},"line":37}},"branchMap":{},"s":{"0":1,"1":1,"2":1,"3":1,"4":1,"5":1,"6":1,"7":1,"8":1,"9":1,"10":0,"11":1,"12":1,"13":1,"14":1,"15":1,"16":1},"f":{"0":1,"1":1,"2":0,"3":1,"4":1},"b":{},"_coverageSchema":"1a1c01bbd47fc00a2c39e90264f33305004495a9","hash":"fb08793682c670616e477e88cfbddc8a95c2eac8"}
}
